<?xml version="1.0" encoding="UTF-8"?>
<testng-results ignored="0" total="2" passed="2" failed="0" skipped="0">
  <reporter-output>
    <line>
      <![CDATA[No of rows in a sheet::10]]>
    </line>
    <line>
      <![CDATA[Login Success::dashboard      http://orangehrm.qedgetech.com/symfony/web/index.php/dashboard]]>
    </line>
    <line>
      <![CDATA[Invalid credentials     dashboard    http://orangehrm.qedgetech.com/symfony/web/index.php/auth/validateCredentials]]>
    </line>
    <line>
      <![CDATA[Invalid credentials     dashboard    http://orangehrm.qedgetech.com/symfony/web/index.php/auth/validateCredentials]]>
    </line>
    <line>
      <![CDATA[Username cannot be empty     dashboard    http://orangehrm.qedgetech.com/symfony/web/index.php/auth/login]]>
    </line>
    <line>
      <![CDATA[Login Success::dashboard      http://orangehrm.qedgetech.com/symfony/web/index.php/dashboard]]>
    </line>
    <line>
      <![CDATA[Password cannot be empty     dashboard    http://orangehrm.qedgetech.com/symfony/web/index.php/auth/login]]>
    </line>
    <line>
      <![CDATA[Login Success::dashboard      http://orangehrm.qedgetech.com/symfony/web/index.php/dashboard]]>
    </line>
    <line>
      <![CDATA[Username cannot be empty     dashboard    http://orangehrm.qedgetech.com/symfony/web/index.php/auth/login]]>
    </line>
    <line>
      <![CDATA[Invalid credentials     dashboard    http://orangehrm.qedgetech.com/symfony/web/index.php/auth/validateCredentials]]>
    </line>
    <line>
      <![CDATA[Login Success::dashboard      http://orangehrm.qedgetech.com/symfony/web/index.php/dashboard]]>
    </line>
    <line>
      <![CDATA[No of rows are::11]]>
    </line>
    <line>
      <![CDATA[Add Emp Success::13428     13428]]>
    </line>
    <line>
      <![CDATA[Add Emp Success::13429     13429]]>
    </line>
    <line>
      <![CDATA[Add Emp Success::13430     13430]]>
    </line>
    <line>
      <![CDATA[Add Emp Success::13431     13431]]>
    </line>
    <line>
      <![CDATA[Add Emp Success::13432     13432]]>
    </line>
    <line>
      <![CDATA[Add Emp Success::13433     13433]]>
    </line>
    <line>
      <![CDATA[Add Emp Success::13434     13434]]>
    </line>
    <line>
      <![CDATA[Add Emp Success::13435     13435]]>
    </line>
    <line>
      <![CDATA[Add Emp Success::13436     13436]]>
    </line>
    <line>
      <![CDATA[Add Emp Success::13437     13437]]>
    </line>
    <line>
      <![CDATA[Add Emp Success::13438     13438]]>
    </line>
  </reporter-output>
  <suite started-at="2023-02-20T16:44:49 IST" name="Suite" finished-at="2023-02-20T16:51:28 IST" duration-ms="398526">
    <groups>
    </groups>
    <test started-at="2023-02-20T16:44:49 IST" name="Test1" finished-at="2023-02-20T16:47:25 IST" duration-ms="155667">
      <class name="driverFactory.DriverScript">
        <test-method is-config="true" signature="setUp()[pri:0, instance:driverFactory.DriverScript@1ed4ae0f]" started-at="2023-02-20T16:44:49 IST" name="setUp" finished-at="2023-02-20T16:45:21 IST" duration-ms="32339" status="PASS">
          <reporter-output>
          </reporter-output>
        </test-method> <!-- setUp -->
        <test-method signature="startTest()[pri:0, instance:driverFactory.DriverScript@1ed4ae0f]" started-at="2023-02-20T16:45:21 IST" name="startTest" finished-at="2023-02-20T16:47:23 IST" duration-ms="121596" status="PASS">
          <reporter-output>
            <line>
              <![CDATA[No of rows in a sheet::10]]>
            </line>
            <line>
              <![CDATA[Login Success::dashboard      http://orangehrm.qedgetech.com/symfony/web/index.php/dashboard]]>
            </line>
            <line>
              <![CDATA[Invalid credentials     dashboard    http://orangehrm.qedgetech.com/symfony/web/index.php/auth/validateCredentials]]>
            </line>
            <line>
              <![CDATA[Invalid credentials     dashboard    http://orangehrm.qedgetech.com/symfony/web/index.php/auth/validateCredentials]]>
            </line>
            <line>
              <![CDATA[Username cannot be empty     dashboard    http://orangehrm.qedgetech.com/symfony/web/index.php/auth/login]]>
            </line>
            <line>
              <![CDATA[Login Success::dashboard      http://orangehrm.qedgetech.com/symfony/web/index.php/dashboard]]>
            </line>
            <line>
              <![CDATA[Password cannot be empty     dashboard    http://orangehrm.qedgetech.com/symfony/web/index.php/auth/login]]>
            </line>
            <line>
              <![CDATA[Login Success::dashboard      http://orangehrm.qedgetech.com/symfony/web/index.php/dashboard]]>
            </line>
            <line>
              <![CDATA[Username cannot be empty     dashboard    http://orangehrm.qedgetech.com/symfony/web/index.php/auth/login]]>
            </line>
            <line>
              <![CDATA[Invalid credentials     dashboard    http://orangehrm.qedgetech.com/symfony/web/index.php/auth/validateCredentials]]>
            </line>
            <line>
              <![CDATA[Login Success::dashboard      http://orangehrm.qedgetech.com/symfony/web/index.php/dashboard]]>
            </line>
          </reporter-output>
        </test-method> <!-- startTest -->
        <test-method is-config="true" signature="tearDown()[pri:0, instance:driverFactory.DriverScript@1ed4ae0f]" started-at="2023-02-20T16:47:23 IST" name="tearDown" finished-at="2023-02-20T16:47:25 IST" duration-ms="1654" status="PASS">
          <reporter-output>
          </reporter-output>
        </test-method> <!-- tearDown -->
      </class> <!-- driverFactory.DriverScript -->
    </test> <!-- Test1 -->
    <test started-at="2023-02-20T16:47:25 IST" name="Test2" finished-at="2023-02-20T16:51:28 IST" duration-ms="242604">
      <class name="driverFactory.DriverScriptPOM">
        <test-method is-config="true" signature="setUp()[pri:0, instance:driverFactory.DriverScriptPOM@35dab4eb]" started-at="2023-02-20T16:47:25 IST" name="setUp" finished-at="2023-02-20T16:47:48 IST" duration-ms="23096" status="PASS">
          <reporter-output>
          </reporter-output>
        </test-method> <!-- setUp -->
        <test-method signature="startTest()[pri:0, instance:driverFactory.DriverScriptPOM@35dab4eb]" started-at="2023-02-20T16:47:48 IST" name="startTest" finished-at="2023-02-20T16:51:25 IST" duration-ms="216869" status="PASS">
          <reporter-output>
            <line>
              <![CDATA[No of rows are::11]]>
            </line>
            <line>
              <![CDATA[Add Emp Success::13428     13428]]>
            </line>
            <line>
              <![CDATA[Add Emp Success::13429     13429]]>
            </line>
            <line>
              <![CDATA[Add Emp Success::13430     13430]]>
            </line>
            <line>
              <![CDATA[Add Emp Success::13431     13431]]>
            </line>
            <line>
              <![CDATA[Add Emp Success::13432     13432]]>
            </line>
            <line>
              <![CDATA[Add Emp Success::13433     13433]]>
            </line>
            <line>
              <![CDATA[Add Emp Success::13434     13434]]>
            </line>
            <line>
              <![CDATA[Add Emp Success::13435     13435]]>
            </line>
            <line>
              <![CDATA[Add Emp Success::13436     13436]]>
            </line>
            <line>
              <![CDATA[Add Emp Success::13437     13437]]>
            </line>
            <line>
              <![CDATA[Add Emp Success::13438     13438]]>
            </line>
          </reporter-output>
        </test-method> <!-- startTest -->
        <test-method is-config="true" signature="teardown()[pri:0, instance:driverFactory.DriverScriptPOM@35dab4eb]" started-at="2023-02-20T16:51:25 IST" name="teardown" finished-at="2023-02-20T16:51:28 IST" duration-ms="2627" status="PASS">
          <reporter-output>
          </reporter-output>
        </test-method> <!-- teardown -->
      </class> <!-- driverFactory.DriverScriptPOM -->
    </test> <!-- Test2 -->
  </suite> <!-- Suite -->
</testng-results>
